{"uuid": "d6919d24-b022-4c5a-ac08-b1e9125bdaa8", "children": ["577e546a-271f-4d97-af2e-cbc10080a72f"], "befores": [{"name": "CommonPage.Open my Browser", "status": "passed", "statusDetails": {}, "steps": [{"name": "SeleniumLibrary.Open Browser", "status": "passed", "statusDetails": {}, "attachments": [{"name": "Keyword Log", "source": "1eee68e6-9b7b-4a6c-9039-68d17af70354-attachment.html", "type": "text/html"}], "parameters": [{"name": "arg1", "value": "${site}"}, {"name": "arg2", "value": "${browser}"}], "start": 1664465016164, "stop": 1664465018110}, {"name": "SeleniumLibrary.Maximize Browser Window", "status": "passed", "statusDetails": {}, "start": 1664465018111, "stop": 1664465018238}], "stop": 1664465018239}], "afters": [{"name": "CommonPage.Close My Browser", "status": "passed", "statusDetails": {"message": "InvalidSelectorException: Message: invalid selector: Unable to locate an element with the xpath expression //input[@type='submit' because of the following error:\nSyntaxError: Failed to execute 'evaluate' on 'Document': The string '//input[@type='submit'' is not a valid XPath expression.\n  (Session info: chrome=105.0.5195.127)\nStacktrace:\nBacktrace:\n\tOrdinal0 [0x003CC0A3+2212003]\n\tOrdinal0 [0x00362CC1+1780929]\n\tOrdinal0 [0x0027465D+804445]\n\tOrdinal0 [0x00277124+815396]\n\tOrdinal0 [0x00276FE2+815074]\n\tOrdinal0 [0x00277270+815728]\n\tOrdinal0 [0x002A319F+995743]\n\tOrdinal0 [0x002A363B+996923]\n\tOrdinal0 [0x002D13BC+1184700]\n\tOrdinal0 [0x002BEC64+1109092]\n\tOrdinal0 [0x002CF5B2+1177010]\n\tOrdinal0 [0x002BEA36+1108534]\n\tOrdinal0 [0x002983C9+951241]\n\tOrdinal0 [0x00299396+955286]\n\tGetHandleVerifier [0x00679CE2+2746722]\n\tGetHandleVerifier [0x0066A234+2682548]\n\tGetHandleVerifier [0x0045B34A+524234]\n\tGetHandleVerifier [0x00459B60+518112]\n\tOrdinal0 [0x00369FBC+1810364]\n\tOrdinal0 [0x0036EA28+1829416]\n\tOrdinal0 [0x0036EB15+1829653]\n\tOrdinal0 [0x00378744+1869636]\n\tBaseThreadInitThunk [0x774AFA29+25]\n\tRtlGetAppContainerNamedObjectPath [0x777A7A9E+286]\n\tRtlGetAppContainerNamedObjectPath [0x777A7A6E+238]\n"}, "steps": [{"name": "SeleniumLibrary.Close All Browsers", "status": "passed", "statusDetails": {"message": "InvalidSelectorException: Message: invalid selector: Unable to locate an element with the xpath expression //input[@type='submit' because of the following error:\nSyntaxError: Failed to execute 'evaluate' on 'Document': The string '//input[@type='submit'' is not a valid XPath expression.\n  (Session info: chrome=105.0.5195.127)\nStacktrace:\nBacktrace:\n\tOrdinal0 [0x003CC0A3+2212003]\n\tOrdinal0 [0x00362CC1+1780929]\n\tOrdinal0 [0x0027465D+804445]\n\tOrdinal0 [0x00277124+815396]\n\tOrdinal0 [0x00276FE2+815074]\n\tOrdinal0 [0x00277270+815728]\n\tOrdinal0 [0x002A319F+995743]\n\tOrdinal0 [0x002A363B+996923]\n\tOrdinal0 [0x002D13BC+1184700]\n\tOrdinal0 [0x002BEC64+1109092]\n\tOrdinal0 [0x002CF5B2+1177010]\n\tOrdinal0 [0x002BEA36+1108534]\n\tOrdinal0 [0x002983C9+951241]\n\tOrdinal0 [0x00299396+955286]\n\tGetHandleVerifier [0x00679CE2+2746722]\n\tGetHandleVerifier [0x0066A234+2682548]\n\tGetHandleVerifier [0x0045B34A+524234]\n\tGetHandleVerifier [0x00459B60+518112]\n\tOrdinal0 [0x00369FBC+1810364]\n\tOrdinal0 [0x0036EA28+1829416]\n\tOrdinal0 [0x0036EB15+1829653]\n\tOrdinal0 [0x00378744+1869636]\n\tBaseThreadInitThunk [0x774AFA29+25]\n\tRtlGetAppContainerNamedObjectPath [0x777A7A9E+286]\n\tRtlGetAppContainerNamedObjectPath [0x777A7A6E+238]\n"}, "start": 1664465018669, "stop": 1664465020951}], "stop": 1664465020952}]}