{"name": "Login in the website", "status": "failed", "statusDetails": {"message": "InvalidSelectorException: Message: invalid selector: Unable to locate an element with the xpath expression //input[@type='submit' because of the following error:\nSyntaxError: Failed to execute 'evaluate' on 'Document': The string '//input[@type='submit'' is not a valid XPath expression.\n  (Session info: chrome=105.0.5195.127)\nStacktrace:\nBacktrace:\n\tOrdinal0 [0x003CC0A3+2212003]\n\tOrdinal0 [0x00362CC1+1780929]\n\tOrdinal0 [0x0027465D+804445]\n\tOrdinal0 [0x00277124+815396]\n\tOrdinal0 [0x00276FE2+815074]\n\tOrdinal0 [0x00277270+815728]\n\tOrdinal0 [0x002A319F+995743]\n\tOrdinal0 [0x002A363B+996923]\n\tOrdinal0 [0x002D13BC+1184700]\n\tOrdinal0 [0x002BEC64+1109092]\n\tOrdinal0 [0x002CF5B2+1177010]\n\tOrdinal0 [0x002BEA36+1108534]\n\tOrdinal0 [0x002983C9+951241]\n\tOrdinal0 [0x00299396+955286]\n\tGetHandleVerifier [0x00679CE2+2746722]\n\tGetHandleVerifier [0x0066A234+2682548]\n\tGetHandleVerifier [0x0045B34A+524234]\n\tGetHandleVerifier [0x00459B60+518112]\n\tOrdinal0 [0x00369FBC+1810364]\n\tOrdinal0 [0x0036EA28+1829416]\n\tOrdinal0 [0x0036EB15+1829653]\n\tOrdinal0 [0x00378744+1869636]\n\tBaseThreadInitThunk [0x774AFA29+25]\n\tRtlGetAppContainerNamedObjectPath [0x777A7A9E+286]\n\tRtlGetAppContainerNamedObjectPath [0x777A7A6E+238]\n"}, "steps": [{"name": "LoginPage.Enter Login Credentials and verfiy the page", "status": "failed", "statusDetails": {"message": "InvalidSelectorException: Message: invalid selector: Unable to locate an element with the xpath expression //input[@type='submit' because of the following error:\nSyntaxError: Failed to execute 'evaluate' on 'Document': The string '//input[@type='submit'' is not a valid XPath expression.\n  (Session info: chrome=105.0.5195.127)\nStacktrace:\nBacktrace:\n\tOrdinal0 [0x003CC0A3+2212003]\n\tOrdinal0 [0x00362CC1+1780929]\n\tOrdinal0 [0x0027465D+804445]\n\tOrdinal0 [0x00277124+815396]\n\tOrdinal0 [0x00276FE2+815074]\n\tOrdinal0 [0x00277270+815728]\n\tOrdinal0 [0x002A319F+995743]\n\tOrdinal0 [0x002A363B+996923]\n\tOrdinal0 [0x002D13BC+1184700]\n\tOrdinal0 [0x002BEC64+1109092]\n\tOrdinal0 [0x002CF5B2+1177010]\n\tOrdinal0 [0x002BEA36+1108534]\n\tOrdinal0 [0x002983C9+951241]\n\tOrdinal0 [0x00299396+955286]\n\tGetHandleVerifier [0x00679CE2+2746722]\n\tGetHandleVerifier [0x0066A234+2682548]\n\tGetHandleVerifier [0x0045B34A+524234]\n\tGetHandleVerifier [0x00459B60+518112]\n\tOrdinal0 [0x00369FBC+1810364]\n\tOrdinal0 [0x0036EA28+1829416]\n\tOrdinal0 [0x0036EB15+1829653]\n\tOrdinal0 [0x00378744+1869636]\n\tBaseThreadInitThunk [0x774AFA29+25]\n\tRtlGetAppContainerNamedObjectPath [0x777A7A9E+286]\n\tRtlGetAppContainerNamedObjectPath [0x777A7A6E+238]\n"}, "steps": [{"name": "SeleniumLibrary.Set Selenium Implicit Wait", "status": "passed", "statusDetails": {}, "parameters": [{"name": "arg1", "value": "10"}], "start": 1664465018242, "stop": 1664465018245}, {"name": "SeleniumLibrary.Input Text", "status": "passed", "statusDetails": {}, "attachments": [{"name": "Keyword Log", "source": "8a232de7-8b06-4144-b868-e2f6db8334d8-attachment.html", "type": "text/html"}], "parameters": [{"name": "arg1", "value": "${txt_username}"}, {"name": "arg2", "value": "${username}"}], "start": 1664465018246, "stop": 1664465018372}, {"name": "SeleniumLibrary.Input Password", "status": "passed", "statusDetails": {}, "attachments": [{"name": "Keyword Log", "source": "c6dddc1b-bf3a-4241-88a6-26aed3e720d7-attachment.html", "type": "text/html"}], "parameters": [{"name": "arg1", "value": "${txt_password}"}, {"name": "arg2", "value": "${password}"}], "start": 1664465018373, "stop": 1664465018483}, {"name": "SeleniumLibrary.Click Element", "status": "failed", "statusDetails": {"message": "InvalidSelectorException: Message: invalid selector: Unable to locate an element with the xpath expression //input[@type='submit' because of the following error:\nSyntaxError: Failed to execute 'evaluate' on 'Document': The string '//input[@type='submit'' is not a valid XPath expression.\n  (Session info: chrome=105.0.5195.127)\nStacktrace:\nBacktrace:\n\tOrdinal0 [0x003CC0A3+2212003]\n\tOrdinal0 [0x00362CC1+1780929]\n\tOrdinal0 [0x0027465D+804445]\n\tOrdinal0 [0x00277124+815396]\n\tOrdinal0 [0x00276FE2+815074]\n\tOrdinal0 [0x00277270+815728]\n\tOrdinal0 [0x002A319F+995743]\n\tOrdinal0 [0x002A363B+996923]\n\tOrdinal0 [0x002D13BC+1184700]\n\tOrdinal0 [0x002BEC64+1109092]\n\tOrdinal0 [0x002CF5B2+1177010]\n\tOrdinal0 [0x002BEA36+1108534]\n\tOrdinal0 [0x002983C9+951241]\n\tOrdinal0 [0x00299396+955286]\n\tGetHandleVerifier [0x00679CE2+2746722]\n\tGetHandleVerifier [0x0066A234+2682548]\n\tGetHandleVerifier [0x0045B34A+524234]\n\tGetHandleVerifier [0x00459B60+518112]\n\tOrdinal0 [0x00369FBC+1810364]\n\tOrdinal0 [0x0036EA28+1829416]\n\tOrdinal0 [0x0036EB15+1829653]\n\tOrdinal0 [0x00378744+1869636]\n\tBaseThreadInitThunk [0x774AFA29+25]\n\tRtlGetAppContainerNamedObjectPath [0x777A7A9E+286]\n\tRtlGetAppContainerNamedObjectPath [0x777A7A6E+238]\n"}, "attachments": [{"name": "Keyword Log", "source": "ef3a6754-d29b-494f-b0d5-c5768bd43189-attachment.html", "type": "text/html"}], "parameters": [{"name": "arg1", "value": "${btn_login}"}], "start": 1664465018483, "stop": 1664465018664}, {"name": "SeleniumLibrary.Page Should Contain", "status": "failed", "statusDetails": {"message": "InvalidSelectorException: Message: invalid selector: Unable to locate an element with the xpath expression //input[@type='submit' because of the following error:\nSyntaxError: Failed to execute 'evaluate' on 'Document': The string '//input[@type='submit'' is not a valid XPath expression.\n  (Session info: chrome=105.0.5195.127)\nStacktrace:\nBacktrace:\n\tOrdinal0 [0x003CC0A3+2212003]\n\tOrdinal0 [0x00362CC1+1780929]\n\tOrdinal0 [0x0027465D+804445]\n\tOrdinal0 [0x00277124+815396]\n\tOrdinal0 [0x00276FE2+815074]\n\tOrdinal0 [0x00277270+815728]\n\tOrdinal0 [0x002A319F+995743]\n\tOrdinal0 [0x002A363B+996923]\n\tOrdinal0 [0x002D13BC+1184700]\n\tOrdinal0 [0x002BEC64+1109092]\n\tOrdinal0 [0x002CF5B2+1177010]\n\tOrdinal0 [0x002BEA36+1108534]\n\tOrdinal0 [0x002983C9+951241]\n\tOrdinal0 [0x00299396+955286]\n\tGetHandleVerifier [0x00679CE2+2746722]\n\tGetHandleVerifier [0x0066A234+2682548]\n\tGetHandleVerifier [0x0045B34A+524234]\n\tGetHandleVerifier [0x00459B60+518112]\n\tOrdinal0 [0x00369FBC+1810364]\n\tOrdinal0 [0x0036EA28+1829416]\n\tOrdinal0 [0x0036EB15+1829653]\n\tOrdinal0 [0x00378744+1869636]\n\tBaseThreadInitThunk [0x774AFA29+25]\n\tRtlGetAppContainerNamedObjectPath [0x777A7A9E+286]\n\tRtlGetAppContainerNamedObjectPath [0x777A7A6E+238]\n"}, "parameters": [{"name": "arg1", "value": "Sauce Labs"}], "start": 1664465018665, "stop": 1664465018666}], "start": 1664465018240, "stop": 1664465018667}, {"name": "LogoutPage.Logout from the website", "status": "failed", "statusDetails": {"message": "InvalidSelectorException: Message: invalid selector: Unable to locate an element with the xpath expression //input[@type='submit' because of the following error:\nSyntaxError: Failed to execute 'evaluate' on 'Document': The string '//input[@type='submit'' is not a valid XPath expression.\n  (Session info: chrome=105.0.5195.127)\nStacktrace:\nBacktrace:\n\tOrdinal0 [0x003CC0A3+2212003]\n\tOrdinal0 [0x00362CC1+1780929]\n\tOrdinal0 [0x0027465D+804445]\n\tOrdinal0 [0x00277124+815396]\n\tOrdinal0 [0x00276FE2+815074]\n\tOrdinal0 [0x00277270+815728]\n\tOrdinal0 [0x002A319F+995743]\n\tOrdinal0 [0x002A363B+996923]\n\tOrdinal0 [0x002D13BC+1184700]\n\tOrdinal0 [0x002BEC64+1109092]\n\tOrdinal0 [0x002CF5B2+1177010]\n\tOrdinal0 [0x002BEA36+1108534]\n\tOrdinal0 [0x002983C9+951241]\n\tOrdinal0 [0x00299396+955286]\n\tGetHandleVerifier [0x00679CE2+2746722]\n\tGetHandleVerifier [0x0066A234+2682548]\n\tGetHandleVerifier [0x0045B34A+524234]\n\tGetHandleVerifier [0x00459B60+518112]\n\tOrdinal0 [0x00369FBC+1810364]\n\tOrdinal0 [0x0036EA28+1829416]\n\tOrdinal0 [0x0036EB15+1829653]\n\tOrdinal0 [0x00378744+1869636]\n\tBaseThreadInitThunk [0x774AFA29+25]\n\tRtlGetAppContainerNamedObjectPath [0x777A7A9E+286]\n\tRtlGetAppContainerNamedObjectPath [0x777A7A6E+238]\n"}, "start": 1664465018668, "stop": 1664465018668}], "start": 1664465016163, "stop": 1664465020953, "uuid": "577e546a-271f-4d97-af2e-cbc10080a72f", "historyId": "da57ec474183cee91a8f63999452e054", "fullName": "TestCases.TC1 LoginPage.Login in the website", "labels": [{"name": "suite", "value": "TestCases"}, {"name": "subSuite", "value": "TC1 LoginPage"}, {"name": "framework", "value": "robotframework"}, {"name": "language", "value": "cpython3"}, {"name": "host", "value": "MSDT081"}, {"name": "thread", "value": "default-deaa0e45-6270-4275-a06f-56b67e2ec9a9"}]}