{"uuid": "333cb3ec-024e-4a0a-a539-4678a0b61e97", "children": ["01ce0ddc-e4e0-4dd2-aaf1-9d76d58a9e89"], "befores": [{"name": "CommonPage.Open my Browser", "status": "passed", "statusDetails": {}, "steps": [{"name": "SeleniumLibrary.Open Browser", "status": "passed", "statusDetails": {}, "attachments": [{"name": "Keyword Log", "source": "16db9335-dfdb-448b-91e9-1d5b19df0d2f-attachment.html", "type": "text/html"}], "parameters": [{"name": "arg1", "value": "${site}"}, {"name": "arg2", "value": "${browser}"}], "start": 1664465055878, "stop": 1664465057776}, {"name": "SeleniumLibrary.Maximize Browser Window", "status": "passed", "statusDetails": {}, "start": 1664465057777, "stop": 1664465057902}], "stop": 1664465057902}], "afters": [{"name": "CommonPage.Close My Browser", "status": "passed", "statusDetails": {"message": "InvalidSelectorException: Message: invalid selector: Unable to locate an element with the xpath expression //button[@name='checkout' because of the following error:\nSyntaxError: Failed to execute 'evaluate' on 'Document': The string '//button[@name='checkout'' is not a valid XPath expression.\n  (Session info: chrome=105.0.5195.127)\nStacktrace:\nBacktrace:\n\tOrdinal0 [0x003CC0A3+2212003]\n\tOrdinal0 [0x00362CC1+1780929]\n\tOrdinal0 [0x0027465D+804445]\n\tOrdinal0 [0x00277124+815396]\n\tOrdinal0 [0x00276FE2+815074]\n\tOrdinal0 [0x00277270+815728]\n\tOrdinal0 [0x002A319F+995743]\n\tOrdinal0 [0x002A363B+996923]\n\tOrdinal0 [0x002D13BC+1184700]\n\tOrdinal0 [0x002BEC64+1109092]\n\tOrdinal0 [0x002CF5B2+1177010]\n\tOrdinal0 [0x002BEA36+1108534]\n\tOrdinal0 [0x002983C9+951241]\n\tOrdinal0 [0x00299396+955286]\n\tGetHandleVerifier [0x00679CE2+2746722]\n\tGetHandleVerifier [0x0066A234+2682548]\n\tGetHandleVerifier [0x0045B34A+524234]\n\tGetHandleVerifier [0x00459B60+518112]\n\tOrdinal0 [0x00369FBC+1810364]\n\tOrdinal0 [0x0036EA28+1829416]\n\tOrdinal0 [0x0036EB15+1829653]\n\tOrdinal0 [0x00378744+1869636]\n\tBaseThreadInitThunk [0x774AFA29+25]\n\tRtlGetAppContainerNamedObjectPath [0x777A7A9E+286]\n\tRtlGetAppContainerNamedObjectPath [0x777A7A6E+238]\n"}, "steps": [{"name": "SeleniumLibrary.Close All Browsers", "status": "passed", "statusDetails": {"message": "InvalidSelectorException: Message: invalid selector: Unable to locate an element with the xpath expression //button[@name='checkout' because of the following error:\nSyntaxError: Failed to execute 'evaluate' on 'Document': The string '//button[@name='checkout'' is not a valid XPath expression.\n  (Session info: chrome=105.0.5195.127)\nStacktrace:\nBacktrace:\n\tOrdinal0 [0x003CC0A3+2212003]\n\tOrdinal0 [0x00362CC1+1780929]\n\tOrdinal0 [0x0027465D+804445]\n\tOrdinal0 [0x00277124+815396]\n\tOrdinal0 [0x00276FE2+815074]\n\tOrdinal0 [0x00277270+815728]\n\tOrdinal0 [0x002A319F+995743]\n\tOrdinal0 [0x002A363B+996923]\n\tOrdinal0 [0x002D13BC+1184700]\n\tOrdinal0 [0x002BEC64+1109092]\n\tOrdinal0 [0x002CF5B2+1177010]\n\tOrdinal0 [0x002BEA36+1108534]\n\tOrdinal0 [0x002983C9+951241]\n\tOrdinal0 [0x00299396+955286]\n\tGetHandleVerifier [0x00679CE2+2746722]\n\tGetHandleVerifier [0x0066A234+2682548]\n\tGetHandleVerifier [0x0045B34A+524234]\n\tGetHandleVerifier [0x00459B60+518112]\n\tOrdinal0 [0x00369FBC+1810364]\n\tOrdinal0 [0x0036EA28+1829416]\n\tOrdinal0 [0x0036EB15+1829653]\n\tOrdinal0 [0x00378744+1869636]\n\tBaseThreadInitThunk [0x774AFA29+25]\n\tRtlGetAppContainerNamedObjectPath [0x777A7A9E+286]\n\tRtlGetAppContainerNamedObjectPath [0x777A7A6E+238]\n"}, "start": 1664465060182, "stop": 1664465062526}], "stop": 1664465062527}]}